<?xml version="1.0" encoding="UTF-8" ?>
<testsuite failures="0" time="0.02" errors="0" skipped="0" tests="1" name="br.com.saxes.suite.converter.TableOrderTest">
  <properties>
    <property name="java.runtime.name" value="Java(TM) SE Runtime Environment"/>
    <property name="sun.boot.library.path" value="/usr/lib/jvm/java-6-sun-1.6.0.26/jre/lib/i386"/>
    <property name="java.vm.version" value="20.1-b02"/>
    <property name="java.vm.vendor" value="Sun Microsystems Inc."/>
    <property name="java.vendor.url" value="http://java.sun.com/"/>
    <property name="path.separator" value=":"/>
    <property name="java.vm.name" value="Java HotSpot(TM) Client VM"/>
    <property name="file.encoding.pkg" value="sun.io"/>
    <property name="user.country" value="US"/>
    <property name="sun.java.launcher" value="SUN_STANDARD"/>
    <property name="sun.os.patch.level" value="unknown"/>
    <property name="java.vm.specification.name" value="Java Virtual Machine Specification"/>
    <property name="user.dir" value="/home/felipe/NetBeansProjects/ETL"/>
    <property name="java.runtime.version" value="1.6.0_26-b03"/>
    <property name="java.awt.graphicsenv" value="sun.awt.X11GraphicsEnvironment"/>
    <property name="basedir" value="/home/felipe/NetBeansProjects/ETL"/>
    <property name="java.endorsed.dirs" value="/usr/lib/jvm/java-6-sun-1.6.0.26/jre/lib/endorsed"/>
    <property name="os.arch" value="i386"/>
    <property name="surefire.real.class.path" value="/home/felipe/NetBeansProjects/ETL/target/surefire/surefirebooter2047733464477749911.jar"/>
    <property name="java.io.tmpdir" value="/tmp"/>
    <property name="line.separator" value="
"/>
    <property name="java.vm.specification.vendor" value="Sun Microsystems Inc."/>
    <property name="os.name" value="Linux"/>
    <property name="sun.jnu.encoding" value="UTF-8"/>
    <property name="java.library.path" value="/usr/lib/jvm/java-6-sun-1.6.0.26/jre/lib/i386/client:/usr/lib/jvm/java-6-sun-1.6.0.26/jre/lib/i386:/usr/lib/jvm/java-6-sun-1.6.0.26/jre/../lib/i386:/usr/java/packages/lib/i386:/lib:/usr/lib"/>
    <property name="surefire.test.class.path" value="/home/felipe/NetBeansProjects/ETL/target/test-classes:/home/felipe/NetBeansProjects/ETL/target/classes:/home/felipe/.m2/repository/org/eclipse/persistence/org.eclipse.persistence.moxy/2.1.1/org.eclipse.persistence.moxy-2.1.1.jar:/home/felipe/.m2/repository/org/eclipse/persistence/org.eclipse.persistence.core/2.1.1/org.eclipse.persistence.core-2.1.1.jar:/home/felipe/.m2/repository/org/eclipse/persistence/org.eclipse.persistence.asm/2.1.1/org.eclipse.persistence.asm-2.1.1.jar:/home/felipe/.m2/repository/org/eclipse/persistence/org.eclipse.persistence.antlr/2.1.1/org.eclipse.persistence.antlr-2.1.1.jar:/home/felipe/.m2/repository/junit/junit/3.8.1/junit-3.8.1.jar:/home/felipe/.m2/repository/org/apache/derby/derby/10.6.2.1/derby-10.6.2.1.jar:/home/felipe/.m2/repository/org/apache/derby/derbyLocale_pt_BR/10.6.2.1/derbyLocale_pt_BR-10.6.2.1.jar:/home/felipe/.m2/repository/mysql/mysql-connector-java/5.1.13/mysql-connector-java-5.1.13.jar:/home/felipe/.m2/repository/commons-pool/commons-pool/1.5.4/commons-pool-1.5.4.jar:/home/felipe/.m2/repository/postgresql/postgresql/8.4-701.jdbc4/postgresql-8.4-701.jdbc4.jar:/home/felipe/.m2/repository/br/com/idealogic/FlatFileParser/1.0-SNAPSHOT/FlatFileParser-1.0-SNAPSHOT.jar:/home/felipe/.m2/repository/org/swinglabs/swing-layout/1.0.3/swing-layout-1.0.3.jar:"/>
    <property name="java.specification.name" value="Java Platform API Specification"/>
    <property name="java.class.version" value="50.0"/>
    <property name="sun.management.compiler" value="HotSpot Client Compiler"/>
    <property name="os.version" value="2.6.32-5-686"/>
    <property name="user.home" value="/home/felipe"/>
    <property name="user.timezone" value=""/>
    <property name="java.awt.printerjob" value="sun.print.PSPrinterJob"/>
    <property name="file.encoding" value="UTF-8"/>
    <property name="java.specification.version" value="1.6"/>
    <property name="user.name" value="felipe"/>
    <property name="java.class.path" value="/home/felipe/NetBeansProjects/ETL/target/test-classes:/home/felipe/NetBeansProjects/ETL/target/classes:/home/felipe/.m2/repository/org/eclipse/persistence/org.eclipse.persistence.moxy/2.1.1/org.eclipse.persistence.moxy-2.1.1.jar:/home/felipe/.m2/repository/org/eclipse/persistence/org.eclipse.persistence.core/2.1.1/org.eclipse.persistence.core-2.1.1.jar:/home/felipe/.m2/repository/org/eclipse/persistence/org.eclipse.persistence.asm/2.1.1/org.eclipse.persistence.asm-2.1.1.jar:/home/felipe/.m2/repository/org/eclipse/persistence/org.eclipse.persistence.antlr/2.1.1/org.eclipse.persistence.antlr-2.1.1.jar:/home/felipe/.m2/repository/junit/junit/3.8.1/junit-3.8.1.jar:/home/felipe/.m2/repository/org/apache/derby/derby/10.6.2.1/derby-10.6.2.1.jar:/home/felipe/.m2/repository/org/apache/derby/derbyLocale_pt_BR/10.6.2.1/derbyLocale_pt_BR-10.6.2.1.jar:/home/felipe/.m2/repository/mysql/mysql-connector-java/5.1.13/mysql-connector-java-5.1.13.jar:/home/felipe/.m2/repository/commons-pool/commons-pool/1.5.4/commons-pool-1.5.4.jar:/home/felipe/.m2/repository/postgresql/postgresql/8.4-701.jdbc4/postgresql-8.4-701.jdbc4.jar:/home/felipe/.m2/repository/br/com/idealogic/FlatFileParser/1.0-SNAPSHOT/FlatFileParser-1.0-SNAPSHOT.jar:/home/felipe/.m2/repository/org/swinglabs/swing-layout/1.0.3/swing-layout-1.0.3.jar:"/>
    <property name="java.vm.specification.version" value="1.0"/>
    <property name="sun.arch.data.model" value="32"/>
    <property name="java.home" value="/usr/lib/jvm/java-6-sun-1.6.0.26/jre"/>
    <property name="sun.java.command" value="/home/felipe/NetBeansProjects/ETL/target/surefire/surefirebooter2047733464477749911.jar /home/felipe/NetBeansProjects/ETL/target/surefire/surefire6745288225767316893tmp /home/felipe/NetBeansProjects/ETL/target/surefire/surefire6630588772573820424tmp"/>
    <property name="java.specification.vendor" value="Sun Microsystems Inc."/>
    <property name="user.language" value="en"/>
    <property name="java.vm.info" value="mixed mode, sharing"/>
    <property name="java.version" value="1.6.0_26"/>
    <property name="java.ext.dirs" value="/usr/lib/jvm/java-6-sun-1.6.0.26/jre/lib/ext:/usr/java/packages/lib/ext"/>
    <property name="sun.boot.class.path" value="/usr/lib/jvm/java-6-sun-1.6.0.26/jre/lib/resources.jar:/usr/lib/jvm/java-6-sun-1.6.0.26/jre/lib/rt.jar:/usr/lib/jvm/java-6-sun-1.6.0.26/jre/lib/sunrsasign.jar:/usr/lib/jvm/java-6-sun-1.6.0.26/jre/lib/jsse.jar:/usr/lib/jvm/java-6-sun-1.6.0.26/jre/lib/jce.jar:/usr/lib/jvm/java-6-sun-1.6.0.26/jre/lib/charsets.jar:/usr/lib/jvm/java-6-sun-1.6.0.26/jre/lib/modules/jdk.boot.jar:/usr/lib/jvm/java-6-sun-1.6.0.26/jre/classes"/>
    <property name="java.vendor" value="Sun Microsystems Inc."/>
    <property name="localRepository" value="/home/felipe/.m2/repository"/>
    <property name="file.separator" value="/"/>
    <property name="java.vendor.url.bug" value="http://java.sun.com/cgi-bin/bugreport.cgi"/>
    <property name="sun.cpu.endian" value="little"/>
    <property name="sun.io.unicode.encoding" value="UnicodeLittle"/>
    <property name="sun.desktop" value="gnome"/>
    <property name="sun.cpu.isalist" value=""/>
  </properties>
  <testcase time="0.003" classname="br.com.saxes.suite.converter.TableOrderTest" name="testRun"/>
</testsuite>