<?xml version="1.0" encoding="UTF-8" ?>
<testsuite failures="0" time="0.429" errors="0" skipped="0" tests="1" name="br.com.saxes.suite.converter.TableOrderTest">
  <properties>
    <property name="java.runtime.name" value="Java(TM) SE Runtime Environment"/>
    <property name="sun.boot.library.path" value="C:\Program Files (x86)\Java\jdk1.6.0_20\jre\bin"/>
    <property name="java.vm.version" value="16.3-b01"/>
    <property name="java.vm.vendor" value="Sun Microsystems Inc."/>
    <property name="java.vendor.url" value="http://java.sun.com/"/>
    <property name="path.separator" value=";"/>
    <property name="java.vm.name" value="Java HotSpot(TM) Client VM"/>
    <property name="file.encoding.pkg" value="sun.io"/>
    <property name="user.country" value="BR"/>
    <property name="sun.java.launcher" value="SUN_STANDARD"/>
    <property name="sun.os.patch.level" value=""/>
    <property name="java.vm.specification.name" value="Java Virtual Machine Specification"/>
    <property name="user.dir" value="C:\Users\Felipe\Documents\NetBeansProjects\SaxesSuiteAPI"/>
    <property name="java.runtime.version" value="1.6.0_20-b02"/>
    <property name="java.awt.graphicsenv" value="sun.awt.Win32GraphicsEnvironment"/>
    <property name="basedir" value="C:\Users\Felipe\Documents\NetBeansProjects\SaxesSuiteAPI"/>
    <property name="java.endorsed.dirs" value="C:\Program Files (x86)\Java\jdk1.6.0_20\jre\lib\endorsed"/>
    <property name="os.arch" value="x86"/>
    <property name="surefire.real.class.path" value="C:\Users\Felipe\AppData\Local\Temp\surefirebooter5697869760934008269.jar"/>
    <property name="java.io.tmpdir" value="C:\Users\Felipe\AppData\Local\Temp\"/>
    <property name="line.separator" value="
"/>
    <property name="java.vm.specification.vendor" value="Sun Microsystems Inc."/>
    <property name="user.variant" value=""/>
    <property name="os.name" value="Windows 7"/>
    <property name="sun.jnu.encoding" value="Cp1252"/>
    <property name="java.library.path" value="C:\Program Files (x86)\Java\jdk1.6.0_20\jre\bin;.;C:\Windows\Sun\Java\bin;C:\Windows\system32;C:\Windows;C:\Program Files\Common Files\Microsoft Shared\Windows Live;C:\Program Files (x86)\Common Files\Microsoft Shared\Windows Live;C:\Program Files (x86)\CollabNet Subversion Client;C:\Windows\system32;C:\Windows;C:\Windows\System32\Wbem;C:\Windows\System32\WindowsPowerShell\v1.0\;D:\Java\apache-maven-2.2.1\bin;c:\Program Files (x86)\Java\jdk1.6.0_20\bin;C:\Program Files (x86)\MySQL\MySQL Server 5.1\bin;C:\Program Files (x86)\QuickTime\QTSystem\;C:\Program Files (x86)\Windows Live\Shared;C:\Ruby192\bin"/>
    <property name="surefire.test.class.path" value="C:\Users\Felipe\Documents\NetBeansProjects\SaxesSuiteAPI\target\test-classes;C:\Users\Felipe\Documents\NetBeansProjects\SaxesSuiteAPI\target\classes;C:\Users\Felipe\.m2\repository\br\com\idealogic\FlatFileParser\1.0-SNAPSHOT\FlatFileParser-1.0-SNAPSHOT.jar;C:\Users\Felipe\.m2\repository\org\swinglabs\swing-layout\1.0.3\swing-layout-1.0.3.jar;C:\Users\Felipe\.m2\repository\org\eclipse\persistence\org.eclipse.persistence.moxy\2.1.1\org.eclipse.persistence.moxy-2.1.1.jar;C:\Users\Felipe\.m2\repository\org\eclipse\persistence\org.eclipse.persistence.core\2.1.1\org.eclipse.persistence.core-2.1.1.jar;C:\Users\Felipe\.m2\repository\org\eclipse\persistence\org.eclipse.persistence.asm\2.1.1\org.eclipse.persistence.asm-2.1.1.jar;C:\Users\Felipe\.m2\repository\org\eclipse\persistence\org.eclipse.persistence.antlr\2.1.1\org.eclipse.persistence.antlr-2.1.1.jar;C:\Users\Felipe\.m2\repository\junit\junit\3.8.1\junit-3.8.1.jar;C:\Users\Felipe\.m2\repository\org\apache\derby\derby\10.6.2.1\derby-10.6.2.1.jar;C:\Users\Felipe\.m2\repository\org\apache\derby\derbyLocale_pt_BR\10.6.2.1\derbyLocale_pt_BR-10.6.2.1.jar;C:\Users\Felipe\.m2\repository\mysql\mysql-connector-java\5.1.13\mysql-connector-java-5.1.13.jar;C:\Users\Felipe\.m2\repository\commons-pool\commons-pool\1.5.4\commons-pool-1.5.4.jar;C:\Users\Felipe\.m2\repository\postgresql\postgresql\8.4-701.jdbc4\postgresql-8.4-701.jdbc4.jar;"/>
    <property name="java.specification.name" value="Java Platform API Specification"/>
    <property name="java.class.version" value="50.0"/>
    <property name="sun.management.compiler" value="HotSpot Client Compiler"/>
    <property name="os.version" value="6.1"/>
    <property name="user.home" value="C:\Users\Felipe"/>
    <property name="user.timezone" value="GMT-03:00"/>
    <property name="java.awt.printerjob" value="sun.awt.windows.WPrinterJob"/>
    <property name="java.specification.version" value="1.6"/>
    <property name="file.encoding" value="Cp1252"/>
    <property name="user.name" value="Felipe"/>
    <property name="java.class.path" value="C:\Users\Felipe\Documents\NetBeansProjects\SaxesSuiteAPI\target\test-classes;C:\Users\Felipe\Documents\NetBeansProjects\SaxesSuiteAPI\target\classes;C:\Users\Felipe\.m2\repository\br\com\idealogic\FlatFileParser\1.0-SNAPSHOT\FlatFileParser-1.0-SNAPSHOT.jar;C:\Users\Felipe\.m2\repository\org\swinglabs\swing-layout\1.0.3\swing-layout-1.0.3.jar;C:\Users\Felipe\.m2\repository\org\eclipse\persistence\org.eclipse.persistence.moxy\2.1.1\org.eclipse.persistence.moxy-2.1.1.jar;C:\Users\Felipe\.m2\repository\org\eclipse\persistence\org.eclipse.persistence.core\2.1.1\org.eclipse.persistence.core-2.1.1.jar;C:\Users\Felipe\.m2\repository\org\eclipse\persistence\org.eclipse.persistence.asm\2.1.1\org.eclipse.persistence.asm-2.1.1.jar;C:\Users\Felipe\.m2\repository\org\eclipse\persistence\org.eclipse.persistence.antlr\2.1.1\org.eclipse.persistence.antlr-2.1.1.jar;C:\Users\Felipe\.m2\repository\junit\junit\3.8.1\junit-3.8.1.jar;C:\Users\Felipe\.m2\repository\org\apache\derby\derby\10.6.2.1\derby-10.6.2.1.jar;C:\Users\Felipe\.m2\repository\org\apache\derby\derbyLocale_pt_BR\10.6.2.1\derbyLocale_pt_BR-10.6.2.1.jar;C:\Users\Felipe\.m2\repository\mysql\mysql-connector-java\5.1.13\mysql-connector-java-5.1.13.jar;C:\Users\Felipe\.m2\repository\commons-pool\commons-pool\1.5.4\commons-pool-1.5.4.jar;C:\Users\Felipe\.m2\repository\postgresql\postgresql\8.4-701.jdbc4\postgresql-8.4-701.jdbc4.jar;"/>
    <property name="java.vm.specification.version" value="1.0"/>
    <property name="sun.arch.data.model" value="32"/>
    <property name="java.home" value="C:\Program Files (x86)\Java\jdk1.6.0_20\jre"/>
    <property name="java.specification.vendor" value="Sun Microsystems Inc."/>
    <property name="user.language" value="pt"/>
    <property name="awt.toolkit" value="sun.awt.windows.WToolkit"/>
    <property name="java.vm.info" value="mixed mode, sharing"/>
    <property name="java.version" value="1.6.0_20"/>
    <property name="java.ext.dirs" value="C:\Program Files (x86)\Java\jdk1.6.0_20\jre\lib\ext;C:\Windows\Sun\Java\lib\ext"/>
    <property name="sun.boot.class.path" value="C:\Program Files (x86)\Java\jdk1.6.0_20\jre\lib\resources.jar;C:\Program Files (x86)\Java\jdk1.6.0_20\jre\lib\rt.jar;C:\Program Files (x86)\Java\jdk1.6.0_20\jre\lib\sunrsasign.jar;C:\Program Files (x86)\Java\jdk1.6.0_20\jre\lib\jsse.jar;C:\Program Files (x86)\Java\jdk1.6.0_20\jre\lib\jce.jar;C:\Program Files (x86)\Java\jdk1.6.0_20\jre\lib\charsets.jar;C:\Program Files (x86)\Java\jdk1.6.0_20\jre\classes"/>
    <property name="java.vendor" value="Sun Microsystems Inc."/>
    <property name="localRepository" value="C:\Users\Felipe\.m2\repository"/>
    <property name="file.separator" value="\"/>
    <property name="java.vendor.url.bug" value="http://java.sun.com/cgi-bin/bugreport.cgi"/>
    <property name="sun.cpu.endian" value="little"/>
    <property name="sun.io.unicode.encoding" value="UnicodeLittle"/>
    <property name="sun.desktop" value="windows"/>
    <property name="sun.cpu.isalist" value="pentium_pro+mmx pentium_pro pentium+mmx pentium i486 i386 i86"/>
  </properties>
  <testcase time="0.412" classname="br.com.saxes.suite.converter.TableOrderTest" name="testRun"/>
</testsuite>